<?xml version="1.0" encoding="UTF-8"?>
<!-- Generated by org.testng.reporters.JUnitReportReporter -->
<testsuite hostname="DESKTOP-8NOI0FM" failures="0" tests="1" name="ssb.restAssuredRequests" time="2.038" errors="0" timestamp="2024-03-07T02:52:11 IST" skipped="0">
  <testcase classname="ssb.restAssuredRequests" name="createResource" time="2.038"/>
  <system-out/>
</testsuite> <!-- ssb.restAssuredRequests -->
